

Initial Conditions (time = 0.0)

	#boides each octant has: (93, 98, 112, 104, 85, 107, 105, 96)
	Center of Mass:   (2.153875e-08, 1.148862e-09, 4.334575e-09)
	Average Velocity: (-1.560600e-08, -6.291000e-09, 2.288737e-10)


Conditions after timestep 128 (time = 4)

	#boides each octant has: (107, 84, 101, 109, 108, 94, 83, 114)
	Center of Mass:     (-4.088525e-08, -2.401514e-08, 5.250070e-09)
	Average Velocities: (-1.560600e-08, -6.291000e-09, 2.288738e-10)


Conditions after timestep 256 (time = 8)

	#boides each octant has: (72, 124, 135, 64, 51, 142, 149, 63)
	Center of Mass:     (-1.033092e-07, -4.917914e-08, 6.165565e-09)
	Average Velocities: (-1.560600e-08, -6.291000e-09, 2.288738e-10)


Conditions after timestep 384 (time = 12)

	#boides each octant has: (45, 135, 150, 52, 42, 158, 170, 48)
	Center of Mass:     (-1.657333e-07, -7.434314e-08, 7.081060e-09)
	Average Velocities: (-1.560600e-08, -6.291000e-09, 2.288738e-10)


Conditions after timestep 512 (time = 16)

	#boides each octant has: (36, 137, 154, 38, 37, 176, 181, 41)
	Center of Mass:     (-2.281573e-07, -9.950714e-08, 7.996555e-09)
	Average Velocities: (-1.560600e-08, -6.291000e-09, 2.288738e-10)


Conditions after timestep 640 (time = 20)

	#boides each octant has: (38, 144, 152, 33, 29, 173, 192, 39)
	Center of Mass:     (-2.905813e-07, -1.246711e-07, 8.912050e-09)
	Average Velocities: (-1.560600e-08, -6.291000e-09, 2.288738e-10)


Conditions after timestep 768 (time = 24)

	#boides each octant has: (32, 150, 171, 26, 23, 179, 186, 33)
	Center of Mass:     (-3.530053e-07, -1.498351e-07, 9.827545e-09)
	Average Velocities: (-1.560600e-08, -6.291000e-09, 2.288738e-10)


Conditions after timestep 896 (time = 28)

	#boides each octant has: (31, 151, 148, 23, 22, 186, 212, 27)
	Center of Mass:     (-4.154293e-07, -1.749991e-07, 1.074304e-08)
	Average Velocities: (-1.560600e-08, -6.291000e-09, 2.288738e-10)


Conditions after timestep 1024 (time = 32)

	#boides each octant has: (29, 140, 167, 23, 24, 199, 193, 25)
	Center of Mass:     (-4.778533e-07, -2.001631e-07, 1.165853e-08)
	Average Velocities: (-1.560600e-08, -6.291000e-09, 2.288738e-10)

Time for 1024 timesteps with 800 bodies: 1.425180 seconds
