

Initial Conditions (time = 0.0)

	#boides each octant has: (194, 203, 188, 188, 234, 213, 188, 192)
	Center of Mass:   (-4.128125e-09, -1.835931e-10, -1.653466e-08)
	Average Velocity: (-6.789231e-10, -3.510627e-09, 2.741372e-09)


Conditions after timestep 128 (time = 4)

	#boides each octant has: (238, 223, 161, 164, 197, 220, 206, 191)
	Center of Mass:     (-6.843818e-09, -1.422610e-08, -5.569169e-09)
	Average Velocities: (-6.789231e-10, -3.510628e-09, 2.741372e-09)


Conditions after timestep 256 (time = 8)

	#boides each octant has: (109, 306, 268, 113, 114, 276, 300, 114)
	Center of Mass:     (-9.559510e-09, -2.826861e-08, 5.396319e-09)
	Average Velocities: (-6.789231e-10, -3.510627e-09, 2.741372e-09)


Conditions after timestep 384 (time = 12)

	#boides each octant has: (90, 332, 291, 73, 73, 295, 343, 103)
	Center of Mass:     (-1.227520e-08, -4.231112e-08, 1.636181e-08)
	Average Velocities: (-6.789232e-10, -3.510627e-09, 2.741372e-09)


Conditions after timestep 512 (time = 16)

	#boides each octant has: (64, 337, 301, 71, 62, 315, 372, 78)
	Center of Mass:     (-1.499090e-08, -5.635363e-08, 2.732729e-08)
	Average Velocities: (-6.789232e-10, -3.510628e-09, 2.741372e-09)


Conditions after timestep 640 (time = 20)

	#boides each octant has: (54, 339, 315, 65, 52, 327, 374, 74)
	Center of Mass:     (-1.770659e-08, -7.039614e-08, 3.829278e-08)
	Average Velocities: (-6.789232e-10, -3.510627e-09, 2.741372e-09)


Conditions after timestep 768 (time = 24)

	#boides each octant has: (61, 339, 322, 66, 42, 335, 367, 68)
	Center of Mass:     (-2.042228e-08, -8.443865e-08, 4.925827e-08)
	Average Velocities: (-6.789232e-10, -3.510627e-09, 2.741372e-09)


Conditions after timestep 896 (time = 28)

	#boides each octant has: (56, 335, 337, 70, 52, 323, 356, 71)
	Center of Mass:     (-2.313797e-08, -9.848116e-08, 6.022376e-08)
	Average Velocities: (-6.789232e-10, -3.510627e-09, 2.741372e-09)


Conditions after timestep 1024 (time = 32)

	#boides each octant has: (73, 300, 330, 92, 75, 303, 341, 86)
	Center of Mass:     (-2.585366e-08, -1.125237e-07, 7.118924e-08)
	Average Velocities: (-6.789231e-10, -3.510627e-09, 2.741372e-09)

Time for 1024 timesteps with 1600 bodies: 5.505876 seconds
